[2014-07-09 10:46:56.353] [FATAL] 2014-6-9 - 严重
[2014-07-09 11:02:06.830] [FATAL] /Users/zdsoft/Desktop/demo/nodejs/miblog - 严重
[2014-07-09 11:08:44.329] [ERROR] [object Object] - users-------[object Object],[object Object]
[2014-07-09 11:08:44.331] [ERROR] [object Object] - 33
[2014-07-09 11:08:44.331] [FATAL] [object Object] - 严重
[2014-07-09 11:08:44.333] [DEBUG] [object Object] - WxIndexCtrl初始化
[2014-07-09 11:11:07.256] [ERROR] routes/users - users-------[object Object],[object Object]
[2014-07-09 11:11:07.258] [ERROR] routes/users - 33
[2014-07-09 11:11:07.259] [FATAL] routes/users - 严重
[2014-07-09 11:11:07.260] [DEBUG] routes/users - WxIndexCtrl初始化
[2014-07-09 11:12:43.802] [ERROR] routes/users - users-------[object Object],[object Object]
[2014-07-09 11:12:43.804] [ERROR] routes/users - 33
[2014-07-09 11:12:43.805] [FATAL] routes/users - 严重
[2014-07-09 11:19:51.779] [ERROR] [/Users/zdsoft/Desktop/demo/nodejs/miblog/routes] - 错误
[2014-07-09 11:22:16.001] [ERROR] [/Users/zdsoft/Desktop/demo/nodejs/miblog/routes/users.js] - 错误
[2014-07-09 13:56:32.378] [ERROR] [/Users/zdsoft/Desktop/demo/nodejs/miblog/routes/login.js] - 错误---login
[2014-07-09 13:56:47.697] [ERROR] [/Users/zdsoft/Desktop/demo/nodejs/miblog/routes/users.js] - 错误
[2014-07-09 16:57:30.278] [ERROR] [/Users/zdsoft/Desktop/demo/nodejs/miblog/routes/login.js] - 错误---login
[2014-07-09 17:00:04.779] [ERROR] [/Users/zdsoft/Desktop/demo/nodejs/miblog/routes/login.js] - 错误---login
[2014-07-09 17:00:04.779] [ERROR] [/Users/zdsoft/Desktop/demo/nodejs/miblog/routes/login.js] - 错误---login
[2014-07-09 17:00:05.992] [ERROR] [/Users/zdsoft/Desktop/demo/nodejs/miblog/routes/users.js] - 错误
[2014-07-09 17:08:33.375] [ERROR] [/Users/zdsoft/Desktop/demo/nodejs/miblog/routes/users.js] - 错误
[2014-07-09 17:08:33.375] [ERROR] [/Users/zdsoft/Desktop/demo/nodejs/miblog/routes/users.js] - 错误
