[2014-07-11 15:16:59.961] [ERROR] [/Users/zdsoft/Desktop/demo/nodejs/miblog/routes/login.js] - 错误---login
[2014-07-11 15:17:48.089] [ERROR] [/Users/zdsoft/Desktop/demo/nodejs/miblog/routes/login.js] - 错误---login
[2014-07-11 15:17:53.474] [ERROR] [/Users/zdsoft/Desktop/demo/nodejs/miblog/routes/users.js] - 错误
[2014-07-11 15:18:10.234] [ERROR] [/Users/zdsoft/Desktop/demo/nodejs/miblog/routes/users.js] - 错误
[2014-07-11 15:18:10.234] [ERROR] [/Users/zdsoft/Desktop/demo/nodejs/miblog/routes/users.js] - 错误
[2014-07-11 15:19:46.529] [ERROR] [/Users/zdsoft/Desktop/demo/nodejs/miblog/routes/login.js] - 错误---login
[2014-07-11 15:19:48.395] [ERROR] [/Users/zdsoft/Desktop/demo/nodejs/miblog/routes/users.js] - 错误
[2014-07-11 15:19:59.769] [ERROR] [/Users/zdsoft/Desktop/demo/nodejs/miblog/routes/admin/index.js] - 错误---login
[2014-07-11 15:22:26.150] [ERROR] [/Users/zdsoft/Desktop/demo/nodejs/miblog/routes/admin/index.js] - 错误---login
[2014-07-11 15:22:29.763] [ERROR] [/Users/zdsoft/Desktop/demo/nodejs/miblog/routes/frontend/login.js] - 错误---login
[2014-07-11 15:23:08.420] [ERROR] [/Users/zdsoft/Desktop/demo/nodejs/miblog/routes/admin/index.js] - 错误---login
[2014-07-11 15:23:08.420] [ERROR] [/Users/zdsoft/Desktop/demo/nodejs/miblog/routes/admin/index.js] - 错误---login
[2014-07-11 15:23:18.634] [ERROR] [/Users/zdsoft/Desktop/demo/nodejs/miblog/routes/frontend/login.js] - 错误---login
[2014-07-11 15:23:18.634] [ERROR] [/Users/zdsoft/Desktop/demo/nodejs/miblog/routes/frontend/login.js] - 错误---login
[2014-07-11 15:24:58.114] [ERROR] [/Users/zdsoft/Desktop/demo/nodejs/miblog/routes/frontend/login.js] - 错误---login
[2014-07-11 15:26:25.310] [ERROR] [/Users/zdsoft/Desktop/demo/nodejs/miblog/routes/frontend/users.js] - 错误
[2014-07-11 15:26:47.209] [ERROR] [/Users/zdsoft/Desktop/demo/nodejs/miblog/routes/frontend/login.js] - 错误---login
[2014-07-11 15:27:21.906] [ERROR] [/Users/zdsoft/Desktop/demo/nodejs/miblog/routes/frontend/login.js] - 错误---login
[2014-07-11 15:27:22.727] [ERROR] [/Users/zdsoft/Desktop/demo/nodejs/miblog/routes/frontend/users.js] - 错误
[2014-07-11 15:27:26.020] [ERROR] [/Users/zdsoft/Desktop/demo/nodejs/miblog/routes/frontend/login.js] - 错误---login
[2014-07-11 15:27:26.020] [ERROR] [/Users/zdsoft/Desktop/demo/nodejs/miblog/routes/frontend/login.js] - 错误---login
[2014-07-11 15:54:14.983] [ERROR] [/Users/zdsoft/Desktop/demo/nodejs/miblog/routes/login.js] - 错误---login
[2014-07-11 15:54:16.293] [ERROR] [/Users/zdsoft/Desktop/demo/nodejs/miblog/routes/login.js] - 错误---login
[2014-07-11 15:54:16.293] [ERROR] [/Users/zdsoft/Desktop/demo/nodejs/miblog/routes/login.js] - 错误---login
[2014-07-11 15:54:17.203] [ERROR] [/Users/zdsoft/Desktop/demo/nodejs/miblog/routes/users.js] - 错误
[2014-07-11 15:59:10.178] [ERROR] [/Users/zdsoft/Desktop/demo/nodejs/miblog/routes/login.js] - 错误---login
[2014-07-11 15:59:30.430] [ERROR] [/Users/zdsoft/Desktop/demo/nodejs/miblog/routes/login.js] - 错误---login
[2014-07-11 15:59:30.430] [ERROR] [/Users/zdsoft/Desktop/demo/nodejs/miblog/routes/login.js] - 错误---login
[2014-07-11 15:59:33.767] [ERROR] [/Users/zdsoft/Desktop/demo/nodejs/miblog/routes/login.js] - 错误---login
[2014-07-11 15:59:33.767] [ERROR] [/Users/zdsoft/Desktop/demo/nodejs/miblog/routes/login.js] - 错误---login
[2014-07-11 15:59:33.767] [ERROR] [/Users/zdsoft/Desktop/demo/nodejs/miblog/routes/login.js] - 错误---login
[2014-07-11 15:59:35.645] [ERROR] [/Users/zdsoft/Desktop/demo/nodejs/miblog/routes/users.js] - 错误
[2014-07-11 16:01:53.284] [ERROR] [/Users/zdsoft/Desktop/demo/nodejs/miblog/routes/users.js] - 错误
[2014-07-11 16:01:53.284] [ERROR] [/Users/zdsoft/Desktop/demo/nodejs/miblog/routes/users.js] - 错误
[2014-07-11 16:11:28.046] [ERROR] [/Users/zdsoft/Desktop/demo/nodejs/miblog/routes/login.js] - 错误---login
[2014-07-11 16:17:49.981] [ERROR] [/Users/zdsoft/Desktop/demo/nodejs/miblog/routes/login.js] - 错误---login
[2014-07-11 16:21:19.206] [ERROR] [/Users/zdsoft/Desktop/demo/nodejs/miblog/routes/login.js] - 错误---login
[2014-07-11 16:21:19.206] [ERROR] [/Users/zdsoft/Desktop/demo/nodejs/miblog/routes/login.js] - 错误---login
[2014-07-11 16:21:36.364] [ERROR] [/Users/zdsoft/Desktop/demo/nodejs/miblog/routes/login.js] - 错误---login
[2014-07-11 16:21:36.364] [ERROR] [/Users/zdsoft/Desktop/demo/nodejs/miblog/routes/login.js] - 错误---login
[2014-07-11 16:21:36.364] [ERROR] [/Users/zdsoft/Desktop/demo/nodejs/miblog/routes/login.js] - 错误---login
[2014-07-11 16:21:37.051] [ERROR] [/Users/zdsoft/Desktop/demo/nodejs/miblog/routes/users.js] - 错误
[2014-07-11 16:30:55.851] [ERROR] [/Users/zdsoft/Desktop/demo/nodejs/miblog/routes/login.js] - 错误---login
[2014-07-11 16:41:32.089] [ERROR] [/Users/zdsoft/Desktop/demo/nodejs/miblog/routes/login.js] - 错误---login
[2014-07-11 16:45:31.927] [ERROR] [/Users/zdsoft/Desktop/demo/nodejs/miblog/routes/login.js] - 错误---login
[2014-07-11 16:50:08.328] [ERROR] [/Users/zdsoft/Desktop/demo/nodejs/miblog/routes/login.js] - 错误---login
[2014-07-11 16:50:17.115] [ERROR] [/Users/zdsoft/Desktop/demo/nodejs/miblog/routes/login.js] - 错误---login
[2014-07-11 16:50:17.115] [ERROR] [/Users/zdsoft/Desktop/demo/nodejs/miblog/routes/login.js] - 错误---login
[2014-07-11 16:50:17.945] [ERROR] [/Users/zdsoft/Desktop/demo/nodejs/miblog/routes/users.js] - 错误
[2014-07-11 16:50:22.339] [ERROR] [/Users/zdsoft/Desktop/demo/nodejs/miblog/routes/login.js] - 错误---login
[2014-07-11 16:50:22.339] [ERROR] [/Users/zdsoft/Desktop/demo/nodejs/miblog/routes/login.js] - 错误---login
[2014-07-11 16:50:22.339] [ERROR] [/Users/zdsoft/Desktop/demo/nodejs/miblog/routes/login.js] - 错误---login
[2014-07-11 16:51:08.907] [ERROR] [/Users/zdsoft/Desktop/demo/nodejs/miblog/routes/login.js] - 错误---login
[2014-07-11 16:51:14.040] [ERROR] [/Users/zdsoft/Desktop/demo/nodejs/miblog/routes/users.js] - 错误
[2014-07-11 17:08:35.824] [ERROR] [/Users/zdsoft/Desktop/demo/nodejs/miblog/routes/login.js] - 错误---login
[2014-07-11 17:08:37.341] [ERROR] [/Users/zdsoft/Desktop/demo/nodejs/miblog/routes/login.js] - 错误---login
[2014-07-11 17:08:37.341] [ERROR] [/Users/zdsoft/Desktop/demo/nodejs/miblog/routes/login.js] - 错误---login
[2014-07-11 17:08:38.978] [ERROR] [/Users/zdsoft/Desktop/demo/nodejs/miblog/routes/login.js] - 错误---login
[2014-07-11 17:08:38.978] [ERROR] [/Users/zdsoft/Desktop/demo/nodejs/miblog/routes/login.js] - 错误---login
[2014-07-11 17:08:38.978] [ERROR] [/Users/zdsoft/Desktop/demo/nodejs/miblog/routes/login.js] - 错误---login
[2014-07-11 17:10:17.751] [ERROR] [/Users/zdsoft/Desktop/demo/nodejs/miblog/routes/users.js] - 错误
[2014-07-11 17:12:51.460] [ERROR] [/Users/zdsoft/Desktop/demo/nodejs/miblog/routes/users.js] - 错误
